mode: set
github.com/cyberspacesec/whois-hacker/cmd/whois-hacker/api.go:44.24,65.48 8 0
github.com/cyberspacesec/whois-hacker/cmd/whois-hacker/api.go:65.48,67.3 1 0
github.com/cyberspacesec/whois-hacker/cmd/whois-hacker/api.go:71.60,72.54 1 1
github.com/cyberspacesec/whois-hacker/cmd/whois-hacker/api.go:72.54,86.3 5 1
github.com/cyberspacesec/whois-hacker/cmd/whois-hacker/api.go:90.66,91.54 1 1
github.com/cyberspacesec/whois-hacker/cmd/whois-hacker/api.go:91.54,93.23 1 1
github.com/cyberspacesec/whois-hacker/cmd/whois-hacker/api.go:93.23,96.4 2 1
github.com/cyberspacesec/whois-hacker/cmd/whois-hacker/api.go:99.3,103.15 3 1
github.com/cyberspacesec/whois-hacker/cmd/whois-hacker/api.go:103.15,113.4 5 1
github.com/cyberspacesec/whois-hacker/cmd/whois-hacker/api.go:116.3,116.13 1 1
github.com/cyberspacesec/whois-hacker/cmd/whois-hacker/api.go:121.61,129.13 5 1
github.com/cyberspacesec/whois-hacker/cmd/whois-hacker/api.go:129.13,136.3 2 1
github.com/cyberspacesec/whois-hacker/cmd/whois-hacker/api.go:139.2,139.45 1 1
github.com/cyberspacesec/whois-hacker/cmd/whois-hacker/api.go:139.45,142.3 2 1
github.com/cyberspacesec/whois-hacker/cmd/whois-hacker/api.go:145.2,149.47 3 1
github.com/cyberspacesec/whois-hacker/cmd/whois-hacker/api.go:153.42,156.24 2 1
github.com/cyberspacesec/whois-hacker/cmd/whois-hacker/api.go:156.24,159.19 2 1
github.com/cyberspacesec/whois-hacker/cmd/whois-hacker/api.go:159.19,161.4 1 1
github.com/cyberspacesec/whois-hacker/cmd/whois-hacker/api.go:165.2,166.18 2 1
github.com/cyberspacesec/whois-hacker/cmd/whois-hacker/api.go:166.18,168.3 1 1
github.com/cyberspacesec/whois-hacker/cmd/whois-hacker/api.go:171.2,172.16 2 1
github.com/cyberspacesec/whois-hacker/cmd/whois-hacker/api.go:172.16,174.3 1 1
github.com/cyberspacesec/whois-hacker/cmd/whois-hacker/api.go:175.2,175.11 1 1
github.com/cyberspacesec/whois-hacker/cmd/whois-hacker/api.go:179.63,181.63 1 0
github.com/cyberspacesec/whois-hacker/cmd/whois-hacker/api.go:181.63,184.3 2 0
github.com/cyberspacesec/whois-hacker/cmd/whois-hacker/api.go:186.2,189.32 2 0
github.com/cyberspacesec/whois-hacker/cmd/whois-hacker/api.go:189.32,191.3 1 0
github.com/cyberspacesec/whois-hacker/cmd/whois-hacker/api.go:191.8,192.39 1 0
github.com/cyberspacesec/whois-hacker/cmd/whois-hacker/api.go:192.39,195.4 2 0
github.com/cyberspacesec/whois-hacker/cmd/whois-hacker/api.go:196.3,196.37 1 0
github.com/cyberspacesec/whois-hacker/cmd/whois-hacker/api.go:200.2,200.22 1 0
github.com/cyberspacesec/whois-hacker/cmd/whois-hacker/api.go:200.22,203.3 2 0
github.com/cyberspacesec/whois-hacker/cmd/whois-hacker/api.go:206.2,215.16 6 0
github.com/cyberspacesec/whois-hacker/cmd/whois-hacker/api.go:215.16,219.3 3 0
github.com/cyberspacesec/whois-hacker/cmd/whois-hacker/api.go:221.2,228.24 3 0
github.com/cyberspacesec/whois-hacker/cmd/whois-hacker/api.go:228.24,234.3 5 0
github.com/cyberspacesec/whois-hacker/cmd/whois-hacker/api.go:236.2,236.27 1 0
github.com/cyberspacesec/whois-hacker/cmd/whois-hacker/api.go:236.27,238.3 1 0
github.com/cyberspacesec/whois-hacker/cmd/whois-hacker/api.go:241.2,244.4 1 0
github.com/cyberspacesec/whois-hacker/cmd/whois-hacker/api.go:248.64,253.2 1 1
github.com/cyberspacesec/whois-hacker/cmd/whois-hacker/api.go:256.60,267.2 2 1
github.com/cyberspacesec/whois-hacker/cmd/whois-hacker/api.go:270.99,281.2 4 1
github.com/cyberspacesec/whois-hacker/cmd/whois-hacker/api.go:284.69,288.2 3 1
github.com/cyberspacesec/whois-hacker/cmd/whois-hacker/main.go:44.60,46.14 1 0
github.com/cyberspacesec/whois-hacker/cmd/whois-hacker/main.go:46.14,49.4 2 0
github.com/cyberspacesec/whois-hacker/cmd/whois-hacker/main.go:49.9,51.4 1 0
github.com/cyberspacesec/whois-hacker/cmd/whois-hacker/main.go:53.47,55.19 1 0
github.com/cyberspacesec/whois-hacker/cmd/whois-hacker/main.go:55.19,59.4 3 0
github.com/cyberspacesec/whois-hacker/cmd/whois-hacker/main.go:62.3,65.23 2 0
github.com/cyberspacesec/whois-hacker/cmd/whois-hacker/main.go:74.47,75.21 1 0
github.com/cyberspacesec/whois-hacker/cmd/whois-hacker/main.go:75.21,79.4 3 0
github.com/cyberspacesec/whois-hacker/cmd/whois-hacker/main.go:82.3,86.17 3 0
github.com/cyberspacesec/whois-hacker/cmd/whois-hacker/main.go:86.17,89.4 2 0
github.com/cyberspacesec/whois-hacker/cmd/whois-hacker/main.go:92.3,93.24 2 0
github.com/cyberspacesec/whois-hacker/cmd/whois-hacker/main.go:93.24,96.4 2 0
github.com/cyberspacesec/whois-hacker/cmd/whois-hacker/main.go:98.3,102.23 3 0
github.com/cyberspacesec/whois-hacker/cmd/whois-hacker/main.go:102.23,104.18 2 0
github.com/cyberspacesec/whois-hacker/cmd/whois-hacker/main.go:104.18,107.5 2 0
github.com/cyberspacesec/whois-hacker/cmd/whois-hacker/main.go:108.4,111.29 2 0
github.com/cyberspacesec/whois-hacker/cmd/whois-hacker/main.go:111.29,113.19 2 0
github.com/cyberspacesec/whois-hacker/cmd/whois-hacker/main.go:113.19,115.6 1 0
github.com/cyberspacesec/whois-hacker/cmd/whois-hacker/main.go:120.3,120.23 1 0
github.com/cyberspacesec/whois-hacker/cmd/whois-hacker/main.go:120.23,122.4 1 0
github.com/cyberspacesec/whois-hacker/cmd/whois-hacker/main.go:123.3,123.23 1 0
github.com/cyberspacesec/whois-hacker/cmd/whois-hacker/main.go:123.23,125.4 1 0
github.com/cyberspacesec/whois-hacker/cmd/whois-hacker/main.go:128.3,143.29 8 0
github.com/cyberspacesec/whois-hacker/cmd/whois-hacker/main.go:143.29,147.38 3 0
github.com/cyberspacesec/whois-hacker/cmd/whois-hacker/main.go:147.38,149.18 2 0
github.com/cyberspacesec/whois-hacker/cmd/whois-hacker/main.go:149.18,149.33 1 0
github.com/cyberspacesec/whois-hacker/cmd/whois-hacker/main.go:152.5,161.19 4 0
github.com/cyberspacesec/whois-hacker/cmd/whois-hacker/main.go:161.19,165.6 3 0
github.com/cyberspacesec/whois-hacker/cmd/whois-hacker/main.go:167.5,179.28 9 0
github.com/cyberspacesec/whois-hacker/cmd/whois-hacker/main.go:179.28,181.88 1 0
github.com/cyberspacesec/whois-hacker/cmd/whois-hacker/main.go:181.88,183.7 1 0
github.com/cyberspacesec/whois-hacker/cmd/whois-hacker/main.go:187.5,187.69 1 0
github.com/cyberspacesec/whois-hacker/cmd/whois-hacker/main.go:192.3,203.23 7 0
github.com/cyberspacesec/whois-hacker/cmd/whois-hacker/main.go:203.23,205.4 1 0
github.com/cyberspacesec/whois-hacker/cmd/whois-hacker/main.go:213.47,216.3 1 0
github.com/cyberspacesec/whois-hacker/cmd/whois-hacker/main.go:224.47,230.3 2 0
github.com/cyberspacesec/whois-hacker/cmd/whois-hacker/main.go:233.13,260.2 15 1
github.com/cyberspacesec/whois-hacker/cmd/whois-hacker/main.go:263.19,264.14 1 1
github.com/cyberspacesec/whois-hacker/cmd/whois-hacker/main.go:264.14,274.17 3 1
github.com/cyberspacesec/whois-hacker/cmd/whois-hacker/main.go:274.17,277.4 2 1
github.com/cyberspacesec/whois-hacker/cmd/whois-hacker/main.go:278.3,278.49 1 1
github.com/cyberspacesec/whois-hacker/cmd/whois-hacker/main.go:283.38,294.16 6 1
github.com/cyberspacesec/whois-hacker/cmd/whois-hacker/main.go:294.16,297.3 2 0
github.com/cyberspacesec/whois-hacker/cmd/whois-hacker/main.go:299.2,302.25 2 1
github.com/cyberspacesec/whois-hacker/cmd/whois-hacker/main.go:306.53,314.43 5 1
github.com/cyberspacesec/whois-hacker/cmd/whois-hacker/main.go:314.43,316.51 2 1
github.com/cyberspacesec/whois-hacker/cmd/whois-hacker/main.go:316.51,318.4 1 1
github.com/cyberspacesec/whois-hacker/cmd/whois-hacker/main.go:321.2,325.75 5 1
github.com/cyberspacesec/whois-hacker/cmd/whois-hacker/main.go:329.47,333.29 3 1
github.com/cyberspacesec/whois-hacker/cmd/whois-hacker/main.go:333.29,338.49 2 1
github.com/cyberspacesec/whois-hacker/cmd/whois-hacker/main.go:338.49,339.12 1 1
github.com/cyberspacesec/whois-hacker/cmd/whois-hacker/main.go:342.3,342.34 1 1
github.com/cyberspacesec/whois-hacker/cmd/whois-hacker/main.go:345.2,345.16 1 1
github.com/cyberspacesec/whois-hacker/cmd/whois-hacker/main.go:349.94,352.16 2 1
github.com/cyberspacesec/whois-hacker/cmd/whois-hacker/main.go:353.14,363.17 2 1
github.com/cyberspacesec/whois-hacker/cmd/whois-hacker/main.go:363.17,365.4 1 0
github.com/cyberspacesec/whois-hacker/cmd/whois-hacker/main.go:366.3,366.50 1 1
github.com/cyberspacesec/whois-hacker/cmd/whois-hacker/main.go:367.13,374.31 4 1
github.com/cyberspacesec/whois-hacker/cmd/whois-hacker/main.go:375.10,385.38 9 1
github.com/cyberspacesec/whois-hacker/cmd/whois-hacker/main.go:388.2,388.16 1 1
github.com/cyberspacesec/whois-hacker/cmd/whois-hacker/main.go:388.16,390.3 1 0
github.com/cyberspacesec/whois-hacker/cmd/whois-hacker/main.go:392.2,392.12 1 1
github.com/cyberspacesec/whois-hacker/cmd/whois-hacker/main.go:395.13,398.42 2 0
github.com/cyberspacesec/whois-hacker/cmd/whois-hacker/main.go:398.42,401.3 2 0
github.com/cyberspacesec/whois-hacker/pkg/whois/asn.go:10.63,13.16 2 0
github.com/cyberspacesec/whois-hacker/pkg/whois/asn.go:13.16,15.3 1 0
github.com/cyberspacesec/whois-hacker/pkg/whois/asn.go:16.2,21.16 4 0
github.com/cyberspacesec/whois-hacker/pkg/whois/asn.go:21.16,23.3 1 0
github.com/cyberspacesec/whois-hacker/pkg/whois/asn.go:26.2,29.21 3 0
github.com/cyberspacesec/whois-hacker/pkg/whois/asn.go:29.21,32.40 2 0
github.com/cyberspacesec/whois-hacker/pkg/whois/asn.go:32.40,34.24 2 0
github.com/cyberspacesec/whois-hacker/pkg/whois/asn.go:34.24,36.5 1 0
github.com/cyberspacesec/whois-hacker/pkg/whois/asn.go:39.3,39.41 1 0
github.com/cyberspacesec/whois-hacker/pkg/whois/asn.go:39.41,41.24 2 0
github.com/cyberspacesec/whois-hacker/pkg/whois/asn.go:41.24,43.5 1 0
github.com/cyberspacesec/whois-hacker/pkg/whois/asn.go:47.2,47.24 1 0
github.com/cyberspacesec/whois-hacker/pkg/whois/errors.go:25.65,30.2 1 1
github.com/cyberspacesec/whois-hacker/pkg/whois/errors.go:33.41,34.69 1 1
github.com/cyberspacesec/whois-hacker/pkg/whois/errors.go:34.69,36.3 1 1
github.com/cyberspacesec/whois-hacker/pkg/whois/errors.go:36.8,36.75 1 1
github.com/cyberspacesec/whois-hacker/pkg/whois/errors.go:36.75,38.3 1 1
github.com/cyberspacesec/whois-hacker/pkg/whois/errors.go:38.8,38.76 1 1
github.com/cyberspacesec/whois-hacker/pkg/whois/errors.go:38.76,40.3 1 1
github.com/cyberspacesec/whois-hacker/pkg/whois/errors.go:40.8,40.92 1 1
github.com/cyberspacesec/whois-hacker/pkg/whois/errors.go:40.92,42.3 1 1
github.com/cyberspacesec/whois-hacker/pkg/whois/errors.go:43.2,43.32 1 1
github.com/cyberspacesec/whois-hacker/pkg/whois/proxy.go:42.58,44.37 1 1
github.com/cyberspacesec/whois-hacker/pkg/whois/proxy.go:44.37,46.3 1 1
github.com/cyberspacesec/whois-hacker/pkg/whois/proxy.go:49.2,50.42 2 1
github.com/cyberspacesec/whois-hacker/pkg/whois/proxy.go:50.42,53.3 2 1
github.com/cyberspacesec/whois-hacker/pkg/whois/proxy.go:53.8,55.3 1 0
github.com/cyberspacesec/whois-hacker/pkg/whois/proxy.go:57.2,57.59 1 1
github.com/cyberspacesec/whois-hacker/pkg/whois/proxy.go:67.68,68.26 1 0
github.com/cyberspacesec/whois-hacker/pkg/whois/proxy.go:68.26,71.3 1 0
github.com/cyberspacesec/whois-hacker/pkg/whois/proxy.go:74.2,75.35 2 0
github.com/cyberspacesec/whois-hacker/pkg/whois/proxy.go:84.36,90.2 1 1
github.com/cyberspacesec/whois-hacker/pkg/whois/proxy.go:93.60,97.2 1 0
github.com/cyberspacesec/whois-hacker/pkg/whois/proxy.go:100.58,102.2 1 0
github.com/cyberspacesec/whois-hacker/pkg/whois/proxy.go:105.57,107.2 1 1
github.com/cyberspacesec/whois-hacker/pkg/whois/proxy.go:112.44,113.32 1 1
github.com/cyberspacesec/whois-hacker/pkg/whois/proxy.go:113.32,115.3 1 1
github.com/cyberspacesec/whois-hacker/pkg/whois/proxy.go:118.2,119.16 2 1
github.com/cyberspacesec/whois-hacker/pkg/whois/proxy.go:119.16,121.3 1 1
github.com/cyberspacesec/whois-hacker/pkg/whois/proxy.go:126.2,126.12 1 1
github.com/cyberspacesec/whois-hacker/pkg/whois/proxy.go:130.47,132.16 2 1
github.com/cyberspacesec/whois-hacker/pkg/whois/proxy.go:132.16,134.3 1 1
github.com/cyberspacesec/whois-hacker/pkg/whois/proxy.go:137.2,138.38 2 1
github.com/cyberspacesec/whois-hacker/pkg/whois/proxy.go:138.38,141.17 2 1
github.com/cyberspacesec/whois-hacker/pkg/whois/proxy.go:141.17,143.4 1 1
github.com/cyberspacesec/whois-hacker/pkg/whois/proxy.go:147.2,148.51 2 1
github.com/cyberspacesec/whois-hacker/pkg/whois/proxy.go:148.51,150.3 1 1
github.com/cyberspacesec/whois-hacker/pkg/whois/proxy.go:152.2,152.13 1 1
github.com/cyberspacesec/whois-hacker/pkg/whois/query.go:27.55,28.25 1 1
github.com/cyberspacesec/whois-hacker/pkg/whois/query.go:28.25,30.3 1 1
github.com/cyberspacesec/whois-hacker/pkg/whois/query.go:31.2,31.23 1 1
github.com/cyberspacesec/whois-hacker/pkg/whois/query.go:35.53,36.23 1 1
github.com/cyberspacesec/whois-hacker/pkg/whois/query.go:36.23,38.3 1 1
github.com/cyberspacesec/whois-hacker/pkg/whois/query.go:39.2,39.21 1 1
github.com/cyberspacesec/whois-hacker/pkg/whois/query.go:44.68,46.14 1 1
github.com/cyberspacesec/whois-hacker/pkg/whois/query.go:46.14,48.3 1 1
github.com/cyberspacesec/whois-hacker/pkg/whois/query.go:50.2,50.20 1 1
github.com/cyberspacesec/whois-hacker/pkg/whois/query.go:50.20,52.3 1 1
github.com/cyberspacesec/whois-hacker/pkg/whois/query.go:54.2,59.16 4 1
github.com/cyberspacesec/whois-hacker/pkg/whois/query.go:59.16,61.3 1 0
github.com/cyberspacesec/whois-hacker/pkg/whois/query.go:64.2,65.16 2 1
github.com/cyberspacesec/whois-hacker/pkg/whois/query.go:65.16,68.3 2 0
github.com/cyberspacesec/whois-hacker/pkg/whois/query.go:71.2,74.34 3 1
github.com/cyberspacesec/whois-hacker/pkg/whois/query.go:74.34,79.22 3 1
github.com/cyberspacesec/whois-hacker/pkg/whois/query.go:79.22,80.9 1 1
github.com/cyberspacesec/whois-hacker/pkg/whois/query.go:84.3,87.24 2 0
github.com/cyberspacesec/whois-hacker/pkg/whois/query.go:87.24,89.4 1 0
github.com/cyberspacesec/whois-hacker/pkg/whois/query.go:92.3,92.33 1 0
github.com/cyberspacesec/whois-hacker/pkg/whois/query.go:93.66,95.62 2 0
github.com/cyberspacesec/whois-hacker/pkg/whois/query.go:96.58,97.73 1 0
github.com/cyberspacesec/whois-hacker/pkg/whois/query.go:98.11,100.64 2 0
github.com/cyberspacesec/whois-hacker/pkg/whois/query.go:105.2,105.18 1 1
github.com/cyberspacesec/whois-hacker/pkg/whois/query.go:105.18,107.3 1 0
github.com/cyberspacesec/whois-hacker/pkg/whois/query.go:109.2,110.16 2 1
github.com/cyberspacesec/whois-hacker/pkg/whois/query.go:110.16,112.3 1 0
github.com/cyberspacesec/whois-hacker/pkg/whois/query.go:114.2,114.19 1 1
github.com/cyberspacesec/whois-hacker/pkg/whois/query.go:125.60,130.2 1 1
